<?xml version="1.0" encoding="UTF-8"?>
<!-- Generated by org.testng.reporters.JUnitReportReporter -->
<testsuite hostname="DESKTOP-HC3PUPK" failures="0" tests="3" name="dataProviderDemo.Login_Data_Driven" time="18.920" errors="0" timestamp="2024-06-01T20:17:47 IST" skipped="0">
  <testcase classname="dataProviderDemo.Login_Data_Driven" name="validCredentials" time="7.812"/>
  <testcase classname="dataProviderDemo.Login_Data_Driven" name="validCredentials" time="5.765"/>
  <testcase classname="dataProviderDemo.Login_Data_Driven" name="validCredentials" time="5.343"/>
</testsuite> <!-- dataProviderDemo.Login_Data_Driven -->
