<?xml version="1.0" encoding="UTF-8"?>
<!-- Generated by org.testng.reporters.JUnitReportReporter -->
<testsuite hostname="DESKTOP-HC3PUPK" failures="0" tests="2" name="test_cases.Demo2" time="0.009" errors="0" timestamp="2024-05-25T16:07:03 IST" skipped="0">
  <testcase classname="test_cases.Demo2" name="m3" time="0.006"/>
  <testcase classname="test_cases.Demo2" name="m4" time="0.003"/>
</testsuite> <!-- test_cases.Demo2 -->
