<?xml version="1.0" encoding="UTF-8"?>
<!-- Generated by org.testng.reporters.JUnitReportReporter -->
<testsuite hostname="DESKTOP-HC3PUPK" failures="0" tests="3" name="AfterMethod" time="5.847" errors="0" timestamp="2024-05-20T22:19:35 IST" skipped="2">
  <testcase classname="AfterMethod" name="valid_Username_InValid_Password" time="5.831"/>
  <testcase classname="AfterMethod" name="skipTest" time="0.016">
    <skipped/>
  </testcase> <!-- skipTest -->
  <testcase classname="AfterMethod" name="valid_Username_Valid_Password">
    <skipped/>
  </testcase> <!-- valid_Username_Valid_Password -->
</testsuite> <!-- AfterMethod -->
