<?xml version="1.0" encoding="UTF-8"?>
<!-- Generated by org.testng.reporters.JUnitReportReporter -->
<testsuite hostname="DESKTOP-HC3PUPK" failures="0" tests="1" name="test_cases.Register" time="6.956" errors="0" timestamp="2024-05-25T17:28:49 IST" skipped="0">
  <testcase classname="test_cases.Register" name="withoutenteranyfields" time="6.956"/>
</testsuite> <!-- test_cases.Register -->
