<?xml version="1.0" encoding="UTF-8"?>
<!-- Generated by org.testng.reporters.JUnitReportReporter -->
<testsuite hostname="DESKTOP-HC3PUPK" failures="0" tests="2" name="test_cases.demo1" time="0.012" errors="0" timestamp="2024-05-25T16:07:03 IST" skipped="0">
  <testcase classname="test_cases.demo1" name="m1" time="0.005"/>
  <testcase classname="test_cases.demo1" name="m2" time="0.007"/>
</testsuite> <!-- test_cases.demo1 -->
