<?xml version="1.0" encoding="UTF-8"?>
<!-- Generated by org.testng.reporters.JUnitReportReporter -->
<testsuite hostname="DESKTOP-HC3PUPK" failures="0" tests="2" name="demo_Testcases.demo1" time="0.003" errors="0" timestamp="2024-05-25T17:28:49 IST" skipped="0">
  <testcase classname="demo_Testcases.demo1" name="m1" time="0.001"/>
  <testcase classname="demo_Testcases.demo1" name="m2" time="0.002"/>
</testsuite> <!-- demo_Testcases.demo1 -->
