<?xml version="1.0" encoding="UTF-8"?>
<!-- Generated by org.testng.reporters.JUnitReportReporter -->
<testsuite hostname="DESKTOP-HC3PUPK" failures="0" tests="1" name="firstTest.First_DemoTest" time="3.665" errors="0" timestamp="2024-05-19T14:26:56 IST" skipped="0">
  <testcase classname="firstTest.First_DemoTest" name="firstTest" time="3.665"/>
</testsuite> <!-- firstTest.First_DemoTest -->
