<?xml version="1.0" encoding="UTF-8"?>
<!-- Generated by org.testng.reporters.JUnitReportReporter -->
<testsuite hostname="DESKTOP-HC3PUPK" failures="0" tests="1" name="test_cases.Search" time="3.611" errors="0" timestamp="2024-05-25T17:28:49 IST" skipped="0">
  <testcase classname="test_cases.Search" name="search_product" time="3.611"/>
</testsuite> <!-- test_cases.Search -->
