<?xml version="1.0" encoding="UTF-8"?>
<!-- Generated by org.testng.reporters.JUnitReportReporter -->
<testsuite hostname="DESKTOP-HC3PUPK" failures="0" tests="2" name="AfterMethod_and_skippedException" time="6.014" errors="0" timestamp="2024-05-20T22:29:33 IST" skipped="1">
  <testcase classname="AfterMethod_and_skippedException" name="valid_Username_InValid_Password" time="6.014"/>
  <testcase classname="AfterMethod_and_skippedException" name="valid_Username_Valid_Password">
    <skipped/>
  </testcase> <!-- valid_Username_Valid_Password -->
</testsuite> <!-- AfterMethod_and_skippedException -->
