<?xml version="1.0" encoding="UTF-8"?>
<!-- Generated by org.testng.reporters.JUnitReportReporter -->
<testsuite hostname="DESKTOP-HC3PUPK" failures="0" tests="2" name="demo_Testcases.Demo2" time="0.004" errors="0" timestamp="2024-05-25T17:28:49 IST" skipped="0">
  <testcase classname="demo_Testcases.Demo2" name="m4" time="0.002"/>
  <testcase classname="demo_Testcases.Demo2" name="m3" time="0.002"/>
</testsuite> <!-- demo_Testcases.Demo2 -->
